SF:lib/modules/map/domain/entity/geo_point_entity.dart
DA:6,3
DA:14,0
DA:15,0
LF:3
LH:1
end_of_record
SF:lib/modules/map/domain/usecases/calculate_geographic_distance_use_case.dart
DA:15,6
DA:16,24
DA:17,24
DA:18,12
DA:19,12
DA:21,24
DA:22,42
DA:23,24
DA:24,6
DA:27,18
LF:10
LH:10
end_of_record
SF:lib/modules/map/domain/usecases/detect_route_deviation_use_case.dart
DA:14,2
DA:25,2
DA:30,2
DA:35,4
DA:36,4
DA:37,2
DA:41,2
LF:7
LH:7
end_of_record
SF:lib/modules/home/data/models/place_suggestion_model.dart
DA:8,1
DA:15,1
DA:16,1
DA:17,1
DA:18,1
DA:19,1
DA:21,1
DA:22,1
DA:32,1
DA:33,1
DA:34,1
DA:35,1
DA:36,1
DA:37,1
DA:41,0
DA:42,0
LF:16
LH:14
end_of_record
SF:lib/modules/home/data/services/places_service.dart
DA:14,3
DA:15,2
DA:36,1
DA:40,2
DA:41,1
DA:42,1
DA:50,2
DA:52,1
DA:54,1
DA:60,1
DA:62,2
DA:65,1
DA:66,2
DA:67,3
DA:71,1
DA:72,1
DA:74,1
DA:75,1
DA:76,1
DA:78,1
DA:79,3
DA:80,0
DA:81,0
LF:23
LH:21
end_of_record
SF:lib/shared/patterns/result.dart
DA:19,12
DA:30,11
DA:35,0
DA:36,0
DA:41,11
DA:46,0
DA:47,0
LF:7
LH:3
end_of_record
SF:lib/app_dependency_injection.dart
DA:37,9
DA:43,3
DA:45,6
DA:46,6
DA:47,0
DA:51,6
DA:52,6
DA:56,8
DA:57,6
DA:58,4
DA:62,10
DA:63,6
DA:64,8
DA:67,6
DA:68,2
DA:70,6
DA:71,4
DA:73,6
DA:74,12
DA:76,6
DA:77,4
DA:78,4
DA:79,4
DA:84,6
DA:85,6
DA:86,0
DA:88,6
DA:89,0
DA:91,6
DA:92,0
DA:94,6
DA:95,0
DA:96,0
DA:97,0
DA:98,0
DA:101,6
DA:102,0
DA:103,0
DA:104,0
DA:105,0
DA:106,0
DA:107,0
DA:108,0
DA:109,0
DA:110,0
DA:115,6
DA:116,0
DA:118,6
DA:119,0
DA:120,0
DA:122,6
DA:123,0
DA:125,6
DA:126,0
DA:127,0
DA:130,6
DA:131,0
DA:132,0
DA:135,6
DA:136,0
DA:137,0
DA:140,6
DA:141,0
LF:63
LH:35
end_of_record
SF:lib/modules/core/auth/data/services/auth_service.dart
DA:12,0
DA:13,0
DA:18,0
DA:19,0
DA:20,0
DA:27,0
DA:28,0
DA:29,0
DA:33,0
DA:40,0
DA:41,0
DA:42,0
DA:43,0
DA:44,0
DA:45,0
DA:47,0
DA:49,0
DA:50,0
DA:51,0
DA:56,0
DA:58,0
DA:61,0
DA:62,0
DA:63,0
DA:66,0
DA:67,0
DA:68,0
DA:70,0
DA:71,0
DA:74,0
LF:30
LH:0
end_of_record
SF:lib/modules/core/auth/domain/repository/auth_repository_impl.dart
DA:13,0
DA:19,0
DA:20,0
DA:22,0
DA:27,0
DA:28,0
DA:29,0
DA:32,0
DA:35,0
DA:36,0
DA:37,0
DA:38,0
DA:39,0
DA:41,0
LF:14
LH:0
end_of_record
SF:lib/modules/core/connectivity/data/services/connectivity_service.dart
DA:13,1
DA:14,1
DA:19,1
DA:21,2
DA:22,0
DA:23,0
DA:28,1
DA:29,2
LF:8
LH:6
end_of_record
SF:lib/modules/core/connectivity/domain/repository/connectivity_repository_impl.dart
DA:16,1
DA:26,1
DA:27,1
DA:29,1
DA:32,4
DA:33,1
DA:36,0
DA:40,2
DA:42,0
DA:43,0
DA:44,0
DA:51,0
DA:52,0
LF:13
LH:7
end_of_record
SF:lib/modules/core/theme/domain/app_theme.dart
DA:33,4
DA:34,4
DA:40,8
DA:48,3
DA:68,3
DA:69,3
DA:70,3
DA:71,3
DA:72,3
DA:73,3
DA:74,3
DA:75,3
DA:76,3
DA:77,3
DA:80,3
DA:85,3
DA:86,3
DA:87,3
DA:89,6
DA:110,3
DA:111,3
DA:118,6
DA:126,3
DA:127,3
DA:130,3
DA:138,3
DA:141,3
DA:148,3
DA:158,3
DA:167,3
DA:174,3
DA:191,3
DA:196,6
LF:33
LH:33
end_of_record
SF:lib/modules/core/theme/domain/repository/theme_repository_impl.dart
DA:11,2
DA:15,2
DA:16,2
LF:3
LH:3
end_of_record
SF:lib/modules/home/data/services/home_service.dart
DA:11,2
DA:12,2
DA:17,0
DA:19,0
DA:20,0
DA:22,0
DA:23,0
DA:25,0
DA:31,0
DA:32,0
DA:37,0
DA:38,0
DA:39,0
DA:40,0
DA:41,0
DA:42,0
DA:43,0
DA:44,0
LF:18
LH:2
end_of_record
SF:lib/modules/home/domain/repository/home_repository_impl.dart
DA:12,2
DA:16,0
DA:18,0
DA:21,0
DA:22,0
DA:23,0
DA:24,0
DA:26,0
LF:8
LH:1
end_of_record
SF:lib/modules/home/domain/repository/places_repository_impl.dart
DA:13,2
DA:17,1
DA:21,2
DA:24,1
DA:25,1
DA:26,5
DA:27,1
DA:29,2
LF:8
LH:8
end_of_record
SF:lib/modules/home/presenter/home_view/home_viewmodel.dart
DA:11,2
DA:22,8
DA:25,6
DA:28,2
DA:29,4
DA:31,4
DA:32,2
DA:33,2
DA:36,2
DA:47,0
DA:48,0
DA:49,0
DA:50,0
DA:56,6
DA:59,0
LF:15
LH:10
end_of_record
SF:lib/modules/home/presenter/routes_form_view/routes_form_viewmodel.dart
DA:25,3
DA:30,6
DA:31,6
DA:46,2
DA:47,2
DA:55,3
DA:56,3
DA:59,6
DA:62,3
DA:63,6
DA:89,6
DA:102,3
DA:103,6
DA:106,3
DA:107,9
DA:108,12
DA:115,2
DA:116,4
DA:117,10
DA:126,3
DA:127,7
DA:130,8
DA:134,3
DA:140,3
DA:141,9
DA:144,6
DA:145,15
DA:146,3
DA:152,4
DA:160,1
DA:161,2
DA:165,1
DA:166,4
DA:167,4
DA:168,3
DA:173,2
DA:174,2
DA:175,4
DA:176,4
DA:177,2
DA:185,2
DA:186,2
DA:189,8
DA:192,4
DA:193,4
DA:194,2
DA:196,2
DA:197,4
DA:199,2
DA:200,2
DA:207,2
DA:209,4
DA:210,2
DA:213,5
DA:215,2
DA:216,2
DA:217,2
DA:221,3
DA:222,9
DA:232,2
DA:233,6
DA:234,4
DA:236,2
DA:237,4
DA:238,4
DA:242,10
DA:243,2
DA:251,2
DA:252,6
DA:253,8
DA:254,4
DA:255,4
DA:256,2
DA:260,2
DA:261,4
DA:265,10
DA:270,2
DA:271,2
DA:272,4
DA:273,1
DA:274,2
DA:276,2
DA:280,2
DA:281,6
DA:282,2
DA:284,4
DA:294,2
DA:295,2
DA:296,2
DA:297,10
DA:306,2
DA:307,2
DA:308,4
DA:309,4
DA:312,4
DA:314,6
DA:315,2
DA:316,2
DA:317,1
DA:319,4
DA:320,2
DA:322,2
DA:326,2
DA:327,2
DA:330,0
DA:332,0
DA:333,0
DA:334,0
DA:335,0
DA:337,0
LF:110
LH:104
end_of_record
SF:lib/shared/mixins/validation_mixin.dart
DA:5,2
DA:6,4
DA:13,0
DA:14,0
DA:21,1
DA:22,2
DA:23,1
LF:7
LH:5
end_of_record
SF:lib/modules/map/data/services/geocoding_service.dart
DA:16,2
DA:17,2
DA:39,1
DA:41,2
DA:42,1
DA:43,1
DA:51,2
DA:53,1
DA:55,1
DA:61,1
DA:63,0
DA:66,1
DA:67,1
DA:68,3
DA:72,1
DA:73,1
DA:74,1
DA:75,2
DA:80,2
DA:82,1
DA:84,0
DA:85,0
DA:89,1
DA:90,1
DA:91,2
DA:92,2
DA:95,0
DA:96,0
DA:97,0
DA:98,0
LF:30
LH:23
end_of_record
SF:lib/modules/map/data/services/location_service.dart
DA:15,0
DA:16,0
DA:20,0
DA:21,0
DA:25,0
DA:26,0
DA:31,0
DA:32,0
DA:33,0
DA:34,0
DA:35,0
DA:40,0
DA:41,0
DA:45,0
DA:46,0
DA:53,0
DA:55,0
DA:61,0
DA:62,0
DA:63,0
DA:64,0
DA:67,0
DA:68,0
DA:76,0
DA:77,0
DA:78,0
DA:82,0
DA:83,0
DA:84,0
DA:85,0
LF:30
LH:0
end_of_record
SF:lib/modules/map/data/services/map_service.dart
DA:17,2
DA:20,1
DA:41,0
DA:43,0
DA:57,0
DA:58,0
DA:72,1
DA:77,2
DA:78,1
DA:79,1
DA:87,2
DA:88,1
DA:89,1
DA:92,1
DA:93,1
DA:94,1
DA:102,1
DA:106,2
DA:110,2
DA:112,1
DA:113,1
DA:114,1
DA:119,1
DA:121,1
DA:122,1
DA:123,1
DA:124,1
DA:125,1
DA:129,2
DA:130,2
DA:131,1
DA:132,3
DA:133,1
DA:140,1
DA:142,2
DA:145,1
DA:146,1
DA:147,2
DA:150,1
DA:152,2
DA:155,1
DA:156,1
DA:157,2
DA:158,1
DA:159,1
DA:162,1
DA:164,1
DA:165,1
DA:166,1
DA:169,2
DA:170,2
DA:172,1
DA:174,3
DA:175,1
DA:180,1
DA:181,3
DA:182,0
DA:183,0
DA:191,1
DA:195,1
DA:196,1
DA:198,1
DA:199,1
DA:200,1
DA:207,1
DA:208,3
DA:209,1
DA:210,3
DA:211,1
DA:212,1
DA:214,3
DA:216,5
DA:217,1
DA:218,1
DA:226,1
DA:234,1
DA:236,2
DA:239,1
DA:240,2
DA:243,1
DA:244,2
DA:245,2
DA:252,1
DA:253,2
DA:257,1
DA:258,1
DA:260,2
DA:261,2
DA:262,3
DA:263,4
DA:266,2
DA:267,2
LF:92
LH:86
end_of_record
SF:lib/modules/map/domain/repository/location_repository_impl.dart
DA:19,1
DA:29,1
DA:30,1
DA:32,1
DA:36,2
DA:42,2
DA:43,1
DA:44,2
DA:46,1
DA:47,1
DA:52,2
DA:54,1
DA:55,2
DA:56,2
DA:57,1
DA:58,1
DA:60,2
DA:64,0
DA:66,0
DA:69,0
DA:71,0
DA:74,0
DA:76,0
DA:79,0
DA:81,0
DA:82,0
DA:83,0
DA:87,0
DA:89,0
DA:90,0
LF:30
LH:17
end_of_record
SF:lib/modules/map/domain/repository/map_repository_impl.dart
DA:23,1
DA:39,1
DA:40,1
DA:42,0
DA:44,0
DA:47,0
DA:48,0
DA:49,0
DA:50,0
DA:52,0
DA:56,1
DA:58,1
DA:63,2
DA:71,2
DA:73,1
DA:75,5
DA:76,1
DA:78,1
DA:79,1
DA:80,1
DA:83,1
DA:85,2
DA:92,1
DA:96,2
DA:99,1
DA:100,2
DA:102,2
DA:103,1
DA:104,1
DA:106,2
DA:113,1
DA:117,1
DA:121,1
DA:122,1
DA:123,3
DA:127,1
DA:128,3
DA:129,1
DA:131,1
DA:132,1
DA:133,1
DA:134,1
DA:135,2
DA:138,1
DA:140,2
DA:144,1
DA:145,2
LF:47
LH:40
end_of_record
SF:lib/modules/map/domain/usecases/detect_route_completion_use_case.dart
DA:12,2
DA:22,2
DA:27,2
DA:30,2
DA:31,6
LF:5
LH:5
end_of_record
SF:lib/modules/map/domain/usecases/find_unvisited_stops_use_case.dart
DA:15,2
DA:24,2
DA:29,2
DA:30,2
DA:31,8
DA:33,2
LF:6
LH:6
end_of_record
SF:lib/modules/map/domain/usecases/numbered_marker_use_case.dart
DA:24,0
DA:28,0
DA:33,0
DA:34,0
DA:35,0
DA:38,0
DA:39,0
DA:40,0
DA:41,0
DA:44,0
DA:45,0
DA:48,0
DA:49,0
DA:50,0
DA:51,0
DA:52,0
DA:55,0
DA:56,0
DA:57,0
DA:67,0
DA:68,0
DA:70,0
DA:73,0
DA:74,0
DA:75,0
DA:76,0
DA:78,0
DA:79,0
DA:84,0
LF:29
LH:0
end_of_record
SF:lib/modules/map/domain/usecases/sort_stops_by_distance_use_case.dart
DA:14,2
DA:19,2
DA:23,2
DA:24,2
DA:25,10
DA:26,6
LF:6
LH:6
end_of_record
SF:lib/modules/map/domain/usecases/trim_route_path_use_case.dart
DA:13,2
DA:17,2
DA:23,6
DA:24,4
DA:25,2
DA:31,2
DA:34,2
DA:37,2
DA:38,6
DA:39,6
DA:40,6
LF:11
LH:11
end_of_record
SF:lib/modules/map/presenter/map_view/map_viewmodel.dart
DA:47,1
DA:71,1
DA:72,1
DA:75,3
DA:78,0
DA:79,0
DA:116,2
DA:117,1
DA:124,2
DA:125,2
DA:130,1
DA:131,2
DA:139,1
DA:140,3
DA:144,2
DA:145,2
DA:146,1
DA:148,2
DA:149,1
DA:155,0
DA:156,0
DA:157,0
DA:158,0
DA:164,0
DA:170,1
DA:171,1
DA:172,1
DA:177,1
DA:178,2
DA:188,1
DA:189,2
DA:192,2
DA:193,2
DA:194,4
DA:200,0
DA:201,0
DA:206,0
DA:207,0
DA:208,0
DA:214,0
DA:215,0
DA:216,0
DA:218,0
DA:219,0
DA:224,0
DA:229,1
DA:230,2
DA:231,1
DA:232,1
DA:235,1
DA:236,2
DA:239,1
DA:240,2
DA:241,1
DA:245,1
DA:246,2
DA:247,2
DA:250,1
DA:251,2
DA:252,2
DA:254,2
DA:256,1
DA:257,1
DA:258,1
DA:259,0
DA:260,1
DA:261,2
DA:265,0
DA:275,1
DA:276,4
DA:279,3
DA:280,2
DA:287,1
DA:291,2
DA:292,1
DA:295,2
DA:301,1
DA:302,2
DA:308,2
DA:314,1
DA:315,3
DA:319,1
DA:320,2
DA:321,1
DA:325,2
DA:329,3
DA:330,2
DA:331,2
DA:342,1
DA:343,2
DA:346,3
DA:354,1
DA:355,2
DA:356,1
DA:357,3
DA:358,4
DA:360,1
DA:364,2
DA:365,1
DA:367,2
DA:368,3
DA:371,2
DA:372,2
DA:376,0
DA:378,0
DA:379,0
DA:380,0
DA:381,0
DA:382,0
DA:383,0
DA:384,0
LF:111
LH:83
end_of_record
SF:lib/app_routes.dart
DA:16,3
DA:18,3
DA:19,2
DA:20,2
DA:21,1
DA:22,1
DA:23,1
DA:30,2
DA:31,2
DA:32,2
DA:33,2
DA:34,1
DA:35,1
DA:36,0
DA:37,0
DA:39,0
LF:16
LH:13
end_of_record
SF:lib/modules/home/presenter/home_routes.dart
DA:11,2
DA:13,2
DA:15,1
DA:25,2
DA:27,2
DA:28,2
DA:30,2
DA:32,1
DA:33,1
DA:35,1
LF:10
LH:10
end_of_record
SF:lib/modules/map/presenter/map_routes.dart
DA:10,1
DA:12,1
DA:22,0
DA:24,0
DA:25,0
DA:27,0
DA:28,0
LF:7
LH:2
end_of_record
SF:lib/modules/core/auth/domain/auth_failure.dart
DA:6,0
DA:11,0
DA:12,0
LF:3
LH:0
end_of_record
SF:lib/modules/core/theme/domain/tokens/app_typography.dart
DA:20,3
DA:28,4
DA:36,3
DA:44,4
DA:52,3
DA:62,4
LF:6
LH:6
end_of_record
SF:lib/modules/home/data/models/home_summary_model.dart
DA:8,0
DA:14,0
DA:15,0
DA:16,0
DA:17,0
DA:18,0
DA:26,0
DA:27,0
DA:28,0
DA:29,0
DA:30,0
DA:35,0
DA:36,0
DA:37,0
DA:38,0
DA:39,0
DA:43,0
DA:44,0
LF:18
LH:0
end_of_record
SF:lib/modules/home/domain/entity/home_summary_entity.dart
DA:6,0
DA:21,0
DA:22,0
DA:23,0
DA:24,0
LF:5
LH:0
end_of_record
SF:lib/modules/home/domain/entity/place_suggestion_entity.dart
DA:4,2
DA:25,0
DA:26,0
LF:3
LH:1
end_of_record
SF:lib/modules/home/presenter/home_view/home_view.dart
DA:14,3
DA:16,2
DA:17,2
DA:26,2
DA:28,2
DA:30,6
DA:31,4
DA:33,8
DA:36,2
DA:38,8
DA:39,2
DA:44,1
DA:45,5
DA:48,1
DA:49,4
DA:52,2
DA:54,2
DA:55,4
DA:56,2
DA:63,2
DA:64,4
DA:65,2
DA:66,2
DA:67,6
DA:68,4
DA:69,4
LF:26
LH:26
end_of_record
SF:lib/modules/home/presenter/routes_form_view/routes_form_view.dart
DA:21,3
DA:23,2
DA:24,2
DA:31,2
DA:33,2
DA:35,4
DA:38,2
DA:40,2
DA:41,2
DA:42,2
DA:43,2
DA:44,2
DA:45,2
DA:46,4
DA:47,2
DA:48,2
DA:49,2
DA:50,2
DA:52,2
DA:54,4
DA:57,1
DA:61,2
DA:62,2
DA:63,2
DA:65,2
DA:67,2
DA:68,4
DA:72,2
DA:73,2
DA:76,2
DA:77,5
DA:80,6
DA:82,2
DA:88,4
DA:89,2
DA:91,8
DA:95,2
DA:111,2
DA:112,4
DA:113,2
DA:114,8
DA:115,4
DA:116,2
DA:119,8
DA:120,2
DA:121,4
DA:122,4
DA:124,4
DA:125,3
DA:126,1
DA:127,3
DA:128,2
DA:131,4
DA:132,3
DA:149,1
DA:150,3
DA:151,2
DA:156,3
DA:157,1
DA:160,1
DA:161,2
DA:167,2
DA:168,2
DA:169,6
DA:171,0
LF:65
LH:64
end_of_record
SF:lib/modules/home/presenter/widgets/auth_lock_screen.dart
DA:14,2
DA:30,2
DA:32,2
DA:35,2
DA:36,2
DA:38,2
DA:40,2
DA:47,2
DA:49,2
DA:53,2
DA:56,2
DA:60,2
DA:61,0
DA:63,2
DA:64,2
DA:65,2
DA:69,4
DA:71,2
DA:72,2
DA:73,4
LF:20
LH:19
end_of_record
SF:lib/shared/patterns/command.dart
DA:28,3
DA:33,6
DA:38,3
DA:41,3
DA:44,4
DA:47,0
DA:48,0
DA:49,0
DA:53,3
DA:56,3
DA:60,3
DA:61,3
DA:62,3
DA:65,6
DA:67,3
DA:68,3
DA:76,3
DA:81,3
DA:82,6
DA:89,1
DA:94,1
DA:95,4
LF:22
LH:19
end_of_record
SF:lib/shared/widgets/connectivity_warning_banner.dart
DA:18,3
DA:23,1
DA:25,1
DA:26,1
DA:27,1
DA:29,1
DA:31,1
DA:33,1
DA:34,1
DA:36,1
DA:37,1
DA:38,1
DA:39,1
DA:41,1
DA:45,1
DA:46,1
DA:48,2
LF:17
LH:17
end_of_record
SF:lib/modules/home/presenter/widgets/address_autocomplete_field.dart
DA:16,2
DA:37,2
DA:39,2
DA:41,2
DA:43,2
DA:44,2
DA:48,2
DA:49,2
DA:50,2
DA:52,2
DA:54,2
DA:55,1
DA:57,2
DA:58,1
DA:64,2
DA:69,2
DA:70,4
DA:74,1
DA:76,5
DA:77,1
DA:83,1
DA:88,1
DA:89,3
DA:92,1
DA:94,4
DA:96,1
DA:97,3
DA:100,1
DA:102,5
DA:105,4
LF:30
LH:30
end_of_record
SF:lib/modules/map/data/models/geo_point_model.dart
DA:5,5
DA:10,0
DA:11,0
DA:12,0
DA:13,0
DA:20,0
DA:21,0
DA:22,0
DA:23,0
DA:28,2
DA:29,6
DA:32,0
DA:33,0
LF:13
LH:3
end_of_record
SF:lib/modules/map/data/models/place_model.dart
DA:6,3
DA:12,0
DA:13,0
DA:14,0
DA:15,0
DA:16,0
DA:24,0
DA:25,0
DA:26,0
DA:27,0
DA:28,0
DA:33,0
DA:34,0
DA:35,0
DA:36,0
DA:37,0
DA:41,0
DA:42,0
LF:18
LH:1
end_of_record
SF:lib/modules/map/domain/entity/place_entity.dart
DA:5,0
DA:17,0
DA:18,0
LF:3
LH:0
end_of_record
SF:lib/modules/map/data/models/route_model.dart
DA:7,2
DA:16,0
DA:17,0
DA:18,0
DA:19,0
DA:20,0
DA:21,0
DA:22,0
DA:24,0
DA:25,0
DA:26,0
DA:27,0
DA:28,0
DA:29,0
DA:31,0
DA:32,0
DA:33,0
DA:34,0
DA:59,4
DA:62,4
DA:64,0
DA:65,0
DA:66,0
DA:67,0
DA:68,0
DA:69,0
DA:70,0
DA:71,0
DA:76,1
DA:77,1
DA:78,5
DA:79,3
DA:80,1
DA:81,1
DA:82,1
DA:83,2
DA:87,0
DA:88,0
LF:38
LH:11
end_of_record
SF:lib/modules/map/domain/entity/route_entity.dart
DA:10,2
DA:43,4
DA:46,0
DA:49,0
DA:51,0
DA:52,0
DA:53,0
DA:54,0
DA:55,0
DA:57,0
LF:10
LH:2
end_of_record
SF:lib/modules/map/data/models/route_waypoint_model.dart
DA:6,1
DA:11,0
DA:12,0
DA:13,0
DA:14,0
DA:24,0
DA:25,0
DA:26,0
DA:27,0
DA:32,1
DA:33,1
DA:34,1
DA:35,2
DA:39,0
DA:40,0
LF:15
LH:5
end_of_record
SF:lib/modules/map/domain/entity/route_waypoint_entity.dart
DA:9,2
DA:20,0
DA:22,0
LF:3
LH:1
end_of_record
SF:lib/modules/map/domain/entity/route_request_entity.dart
DA:12,1
DA:24,2
DA:27,0
DA:28,0
DA:29,0
DA:30,0
DA:33,0
DA:34,0
DA:39,0
DA:40,0
DA:42,0
DA:44,0
LF:12
LH:2
end_of_record
SF:lib/modules/map/domain/entity/route_stop_entity.dart
DA:10,1
DA:21,0
DA:22,0
LF:3
LH:1
end_of_record
SF:lib/modules/map/domain/location_access_failure.dart
DA:10,3
DA:15,0
DA:16,0
DA:22,3
DA:23,3
DA:28,3
DA:29,3
LF:7
LH:5
end_of_record
SF:lib/modules/map/presenter/map_view/map_view.dart
DA:36,0
DA:42,0
DA:43,0
DA:64,0
DA:66,0
DA:67,0
DA:68,0
DA:69,0
DA:71,0
DA:74,0
DA:75,0
DA:78,0
DA:80,0
DA:81,0
DA:82,0
DA:83,0
DA:84,0
DA:90,0
DA:91,0
DA:95,0
DA:96,0
DA:99,0
DA:100,0
DA:101,0
DA:105,0
DA:106,0
DA:111,0
DA:112,0
DA:113,0
DA:114,0
DA:123,0
DA:124,0
DA:126,0
DA:130,0
DA:131,0
DA:132,0
DA:133,0
DA:134,0
DA:135,0
DA:139,0
DA:143,0
DA:148,0
DA:149,0
DA:151,0
DA:152,0
DA:164,0
DA:165,0
DA:166,0
DA:167,0
DA:168,0
DA:169,0
DA:170,0
DA:171,0
DA:172,0
DA:173,0
DA:176,0
DA:177,0
DA:178,0
DA:179,0
DA:180,0
DA:194,0
DA:195,0
DA:199,0
DA:201,0
DA:211,0
DA:213,0
DA:214,0
DA:215,0
DA:216,0
DA:217,0
DA:218,0
DA:219,0
DA:220,0
DA:221,0
DA:222,0
DA:223,0
DA:224,0
DA:225,0
DA:227,0
DA:228,0
DA:230,0
DA:232,0
DA:233,0
DA:234,0
DA:237,0
DA:238,0
DA:241,0
DA:242,0
DA:243,0
DA:260,0
DA:263,0
DA:264,0
DA:265,0
DA:266,0
DA:269,0
DA:277,0
DA:278,0
DA:282,0
DA:298,0
DA:299,0
DA:300,0
DA:301,0
DA:305,0
DA:306,0
DA:314,0
DA:315,0
DA:316,0
DA:317,0
DA:318,0
DA:321,0
DA:323,0
DA:324,0
DA:330,0
DA:332,0
DA:333,0
DA:335,0
DA:337,0
DA:344,0
DA:346,0
DA:361,0
DA:366,0
DA:368,0
DA:370,0
DA:371,0
DA:374,0
DA:376,0
DA:377,0
DA:386,0
DA:389,0
DA:390,0
DA:392,0
DA:393,0
DA:395,0
DA:397,0
DA:398,0
DA:407,0
DA:408,0
DA:409,0
DA:415,0
DA:416,0
DA:417,0
DA:418,0
DA:433,0
DA:434,0
DA:435,0
DA:436,0
DA:437,0
DA:440,0
DA:441,0
DA:443,0
DA:444,0
DA:450,0
DA:452,0
DA:453,0
DA:455,0
DA:457,0
DA:464,0
DA:466,0
DA:474,0
DA:477,0
DA:478,0
DA:480,0
DA:481,0
DA:489,0
DA:490,0
DA:495,0
DA:496,0
DA:498,0
DA:499,0
DA:507,0
DA:508,0
DA:513,0
DA:514,0
DA:516,0
DA:517,0
DA:525,0
DA:526,0
LF:177
LH:0
end_of_record
SF:lib/modules/map/presenter/widgets/location_warning_card.dart
DA:15,0
DA:47,0
DA:49,0
DA:50,0
DA:53,0
DA:55,0
DA:56,0
DA:65,0
DA:67,0
DA:68,0
DA:70,0
DA:72,0
DA:73,0
DA:74,0
DA:78,0
DA:80,0
DA:81,0
DA:82,0
DA:83,0
DA:92,0
LF:20
LH:0
end_of_record
SF:lib/modules/map/presenter/widgets/route_finished_panel.dart
DA:16,0
DA:22,0
DA:24,0
DA:26,0
DA:27,0
DA:30,0
DA:32,0
DA:33,0
DA:42,0
DA:44,0
DA:51,0
DA:53,0
DA:55,0
DA:59,0
DA:61,0
DA:62,0
DA:63,0
LF:17
LH:0
end_of_record
SF:lib/modules/map/presenter/widgets/route_recalculated_banner.dart
DA:15,0
DA:24,0
DA:26,0
DA:28,0
DA:29,0
DA:35,0
DA:37,0
DA:38,0
DA:47,0
DA:49,0
DA:52,0
DA:53,0
DA:54,0
DA:56,0
LF:14
LH:0
end_of_record
SF:lib/modules/map/presenter/widgets/start_navigation_button.dart
DA:13,0
DA:18,0
DA:20,0
DA:22,0
DA:23,0
DA:25,0
DA:27,0
DA:28,0
DA:29,0
LF:9
LH:0
end_of_record
SF:lib/spixs_tecnologia_app.dart
DA:13,0
DA:19,2
DA:21,2
DA:24,8
DA:27,2
LF:5
LH:4
end_of_record
